0 info it worked if it ends with ok
1 verbose cli [ '/usr/bin/nodejs', '/usr/bin/npm', 'install', 'fengari' ]
2 info using npm@3.5.2
3 info using node@v4.2.6
4 silly loadCurrentTree Starting
5 silly install loadCurrentTree
6 silly install readLocalPackageData
7 silly fetchPackageMetaData fengari
8 silly fetchNamedPackageData fengari
9 silly mapToRegistry name fengari
10 silly mapToRegistry using default registry
11 silly mapToRegistry registry https://registry.npmjs.org/
12 silly mapToRegistry uri https://registry.npmjs.org/fengari
13 verbose request uri https://registry.npmjs.org/fengari
14 verbose request no auth needed
15 info attempt registry request try #1 at 3:44:01 PM
16 verbose request id f03e86662e2f18f7
17 verbose etag W/"591852b8-185"
18 verbose lastModified Sun, 14 May 2017 12:51:04 GMT
19 http request GET https://registry.npmjs.org/fengari
20 http 304 https://registry.npmjs.org/fengari
21 verbose headers { date: 'Sun, 10 Sep 2017 12:44:01 GMT',
21 verbose headers   via: '1.1 varnish',
21 verbose headers   'cache-control': 'max-age=300',
21 verbose headers   etag: 'W/"591852b8-185"',
21 verbose headers   age: '15',
21 verbose headers   connection: 'keep-alive',
21 verbose headers   'x-served-by': 'cache-ams4449-AMS',
21 verbose headers   'x-cache': 'HIT',
21 verbose headers   'x-cache-hits': '1',
21 verbose headers   'x-timer': 'S1505047442.780691,VS0,VE0',
21 verbose headers   vary: 'Accept-Encoding, Accept' }
22 silly get cb [ 304,
22 silly get   { date: 'Sun, 10 Sep 2017 12:44:01 GMT',
22 silly get     via: '1.1 varnish',
22 silly get     'cache-control': 'max-age=300',
22 silly get     etag: 'W/"591852b8-185"',
22 silly get     age: '15',
22 silly get     connection: 'keep-alive',
22 silly get     'x-served-by': 'cache-ams4449-AMS',
22 silly get     'x-cache': 'HIT',
22 silly get     'x-cache-hits': '1',
22 silly get     'x-timer': 'S1505047442.780691,VS0,VE0',
22 silly get     vary: 'Accept-Encoding, Accept' } ]
23 verbose etag https://registry.npmjs.org/fengari from cache
24 verbose get saving fengari to /home/egor/.npm/registry.npmjs.org/fengari/.cache.json
25 verbose stack TypeError: Cannot convert undefined or null to object
25 verbose stack     at Function.keys (native)
25 verbose stack     at pickVersionFromRegistryDocument (/usr/share/npm/lib/fetch-package-metadata.js:121:29)
25 verbose stack     at /usr/share/npm/node_modules/iferr/index.js:13:50
25 verbose stack     at /usr/share/npm/lib/utils/pulse-till-done.js:19:8
25 verbose stack     at saved (/usr/share/npm/lib/cache/caching-client.js:168:7)
25 verbose stack     at /usr/share/npm/node_modules/graceful-fs/polyfills.js:210:7
25 verbose stack     at FSReqWrap.oncomplete (fs.js:82:15)
26 verbose cwd /home/egor/neko8/js
27 error Linux 4.10.0-33-generic
28 error argv "/usr/bin/nodejs" "/usr/bin/npm" "install" "fengari"
29 error node v4.2.6
30 error npm  v3.5.2
31 error Cannot convert undefined or null to object
32 error If you need help, you may report this error at:
32 error     <https://github.com/npm/npm/issues>
33 verbose exit [ 1, true ]
