Determining if the pthread_create exist failed with the following output:
Change Dir: /home/egor/neko8/CMakeFiles/CMakeTmp

Run Build Command:"/usr/bin/make" "cmTC_05498/fast"
/usr/bin/make -f CMakeFiles/cmTC_05498.dir/build.make CMakeFiles/cmTC_05498.dir/build
make[1]: Entering directory '/home/egor/neko8/CMakeFiles/CMakeTmp'
Building C object CMakeFiles/cmTC_05498.dir/CheckSymbolExists.c.o
/usr/bin/cc    -o CMakeFiles/cmTC_05498.dir/CheckSymbolExists.c.o   -c /home/egor/neko8/CMakeFiles/CMakeTmp/CheckSymbolExists.c
Linking C executable cmTC_05498
/home/egor/code/apps/clion-2017.2.2/bin/cmake/bin/cmake -E cmake_link_script CMakeFiles/cmTC_05498.dir/link.txt --verbose=1
/usr/bin/cc      -rdynamic CMakeFiles/cmTC_05498.dir/CheckSymbolExists.c.o  -o cmTC_05498 
CMakeFiles/cmTC_05498.dir/CheckSymbolExists.c.o: In function `main':
CheckSymbolExists.c:(.text+0x16): undefined reference to `pthread_create'
collect2: error: ld returned 1 exit status
CMakeFiles/cmTC_05498.dir/build.make:97: recipe for target 'cmTC_05498' failed
make[1]: *** [cmTC_05498] Error 1
make[1]: Leaving directory '/home/egor/neko8/CMakeFiles/CMakeTmp'
Makefile:126: recipe for target 'cmTC_05498/fast' failed
make: *** [cmTC_05498/fast] Error 2

File /home/egor/neko8/CMakeFiles/CMakeTmp/CheckSymbolExists.c:
/* */
#include <pthread.h>

int main(int argc, char** argv)
{
  (void)argv;
#ifndef pthread_create
  return ((int*)(&pthread_create))[argc];
#else
  (void)argc;
  return 0;
#endif
}

Determining if the function pthread_create exists in the pthreads failed with the following output:
Change Dir: /home/egor/neko8/CMakeFiles/CMakeTmp

Run Build Command:"/usr/bin/make" "cmTC_31572/fast"
/usr/bin/make -f CMakeFiles/cmTC_31572.dir/build.make CMakeFiles/cmTC_31572.dir/build
make[1]: Entering directory '/home/egor/neko8/CMakeFiles/CMakeTmp'
Building C object CMakeFiles/cmTC_31572.dir/CheckFunctionExists.c.o
/usr/bin/cc   -DCHECK_FUNCTION_EXISTS=pthread_create   -o CMakeFiles/cmTC_31572.dir/CheckFunctionExists.c.o   -c /home/egor/code/apps/clion-2017.2.2/bin/cmake/share/cmake-3.8/Modules/CheckFunctionExists.c
Linking C executable cmTC_31572
/home/egor/code/apps/clion-2017.2.2/bin/cmake/bin/cmake -E cmake_link_script CMakeFiles/cmTC_31572.dir/link.txt --verbose=1
/usr/bin/cc  -DCHECK_FUNCTION_EXISTS=pthread_create    -rdynamic CMakeFiles/cmTC_31572.dir/CheckFunctionExists.c.o  -o cmTC_31572 -lpthreads 
/usr/bin/ld: cannot find -lpthreads
collect2: error: ld returned 1 exit status
CMakeFiles/cmTC_31572.dir/build.make:97: recipe for target 'cmTC_31572' failed
make[1]: *** [cmTC_31572] Error 1
make[1]: Leaving directory '/home/egor/neko8/CMakeFiles/CMakeTmp'
Makefile:126: recipe for target 'cmTC_31572/fast' failed
make: *** [cmTC_31572/fast] Error 2


